0 info it worked if it ends with ok
1 verbose cli [ '/usr/bin/nodejs', '/usr/bin/npm', 'install', 'pg-native' ]
2 info using npm@3.5.2
3 info using node@v4.2.6
4 silly loadCurrentTree Starting
5 silly install loadCurrentTree
6 silly install readLocalPackageData
7 silly fetchPackageMetaData pg-native
8 silly fetchNamedPackageData pg-native
9 silly mapToRegistry name pg-native
10 silly mapToRegistry using default registry
11 silly mapToRegistry registry https://registry.npmjs.org/
12 silly mapToRegistry uri https://registry.npmjs.org/pg-native
13 verbose request uri https://registry.npmjs.org/pg-native
14 verbose request no auth needed
15 info attempt registry request try #1 at 5:34:41 PM
16 verbose request id e91045030aece3f0
17 verbose etag "3VIP3RBVC5O70N6TWDKB0QUPF"
18 http request GET https://registry.npmjs.org/pg-native
19 http 304 https://registry.npmjs.org/pg-native
20 verbose headers { date: 'Fri, 24 Jun 2016 05:34:44 GMT',
20 verbose headers   via: '1.1 varnish',
20 verbose headers   'cache-control': 'max-age=300',
20 verbose headers   etag: '"3VIP3RBVC5O70N6TWDKB0QUPF"',
20 verbose headers   age: '0',
20 verbose headers   connection: 'keep-alive',
20 verbose headers   'x-served-by': 'cache-akl6420-AKL',
20 verbose headers   'x-cache': 'HIT',
20 verbose headers   'x-cache-hits': '1',
20 verbose headers   'x-timer': 'S1466746484.512033,VS0,VE657',
20 verbose headers   vary: 'Accept-Encoding' }
21 silly get cb [ 304,
21 silly get   { date: 'Fri, 24 Jun 2016 05:34:44 GMT',
21 silly get     via: '1.1 varnish',
21 silly get     'cache-control': 'max-age=300',
21 silly get     etag: '"3VIP3RBVC5O70N6TWDKB0QUPF"',
21 silly get     age: '0',
21 silly get     connection: 'keep-alive',
21 silly get     'x-served-by': 'cache-akl6420-AKL',
21 silly get     'x-cache': 'HIT',
21 silly get     'x-cache-hits': '1',
21 silly get     'x-timer': 'S1466746484.512033,VS0,VE657',
21 silly get     vary: 'Accept-Encoding' } ]
22 verbose etag https://registry.npmjs.org/pg-native from cache
23 verbose get saving pg-native to /home/james/.npm/registry.npmjs.org/pg-native/.cache.json
24 silly install normalizeTree
25 silly loadCurrentTree Finishing
26 silly loadIdealTree Starting
27 silly install loadIdealTree
28 silly cloneCurrentTree Starting
29 silly install cloneCurrentTreeToIdealTree
30 silly cloneCurrentTree Finishing
31 silly loadShrinkwrap Starting
32 silly install loadShrinkwrap
33 silly loadShrinkwrap Finishing
34 silly loadAllDepsIntoIdealTree Starting
35 silly install loadAllDepsIntoIdealTree
36 silly resolveWithNewModule pg-native@1.10.0 checking installable status
37 silly cache add args [ 'pg-native', null ]
38 verbose cache add spec pg-native
39 silly cache add parsed spec Result {
39 silly cache add   raw: 'pg-native',
39 silly cache add   scope: null,
39 silly cache add   name: 'pg-native',
39 silly cache add   rawSpec: '',
39 silly cache add   spec: 'latest',
39 silly cache add   type: 'tag' }
40 silly addNamed pg-native@latest
41 verbose addNamed "latest" is being treated as a dist-tag for pg-native
42 info addNameTag [ 'pg-native', 'latest' ]
43 silly mapToRegistry name pg-native
44 silly mapToRegistry using default registry
45 silly mapToRegistry registry https://registry.npmjs.org/
46 silly mapToRegistry uri https://registry.npmjs.org/pg-native
47 verbose addNameTag registry:https://registry.npmjs.org/pg-native not in flight; fetching
48 verbose get https://registry.npmjs.org/pg-native not expired, no request
49 silly addNameTag next cb for pg-native with tag latest
50 silly addNamed pg-native@1.10.0
51 verbose addNamed "1.10.0" is a plain semver version for pg-native
52 silly cache afterAdd pg-native@1.10.0
53 verbose afterAdd /home/james/.npm/pg-native/1.10.0/package/package.json not in flight; writing
54 verbose afterAdd /home/james/.npm/pg-native/1.10.0/package/package.json written
55 silly fetchNamedPackageData libpq
56 silly mapToRegistry name libpq
57 silly mapToRegistry using default registry
58 silly mapToRegistry registry https://registry.npmjs.org/
59 silly mapToRegistry uri https://registry.npmjs.org/libpq
60 silly fetchNamedPackageData pg-types
61 silly mapToRegistry name pg-types
62 silly mapToRegistry using default registry
63 silly mapToRegistry registry https://registry.npmjs.org/
64 silly mapToRegistry uri https://registry.npmjs.org/pg-types
65 silly fetchNamedPackageData readable-stream
66 silly mapToRegistry name readable-stream
67 silly mapToRegistry using default registry
68 silly mapToRegistry registry https://registry.npmjs.org/
69 silly mapToRegistry uri https://registry.npmjs.org/readable-stream
70 verbose request uri https://registry.npmjs.org/libpq
71 verbose request no auth needed
72 info attempt registry request try #1 at 5:34:42 PM
73 verbose etag "1NGRB2M0HJ8OOWK3GNKZGTNA8"
74 http request GET https://registry.npmjs.org/libpq
75 verbose request uri https://registry.npmjs.org/pg-types
76 verbose request no auth needed
77 info attempt registry request try #1 at 5:34:42 PM
78 verbose etag "3S1GJ0XK5L0WUMKE99SRPVCWB"
79 http request GET https://registry.npmjs.org/pg-types
80 verbose request uri https://registry.npmjs.org/readable-stream
81 verbose request no auth needed
82 info attempt registry request try #1 at 5:34:42 PM
83 verbose etag "E9VURFQDJSVN7SKYIIMYUOYYK"
84 http request GET https://registry.npmjs.org/readable-stream
85 http 304 https://registry.npmjs.org/readable-stream
86 verbose headers { date: 'Fri, 24 Jun 2016 05:34:45 GMT',
86 verbose headers   via: '1.1 varnish',
86 verbose headers   'cache-control': 'max-age=300',
86 verbose headers   etag: '"E9VURFQDJSVN7SKYIIMYUOYYK"',
86 verbose headers   age: '207',
86 verbose headers   connection: 'keep-alive',
86 verbose headers   'x-served-by': 'cache-akl6420-AKL',
86 verbose headers   'x-cache': 'HIT',
86 verbose headers   'x-cache-hits': '7',
86 verbose headers   'x-timer': 'S1466746485.554713,VS0,VE0',
86 verbose headers   vary: 'Accept-Encoding' }
87 silly get cb [ 304,
87 silly get   { date: 'Fri, 24 Jun 2016 05:34:45 GMT',
87 silly get     via: '1.1 varnish',
87 silly get     'cache-control': 'max-age=300',
87 silly get     etag: '"E9VURFQDJSVN7SKYIIMYUOYYK"',
87 silly get     age: '207',
87 silly get     connection: 'keep-alive',
87 silly get     'x-served-by': 'cache-akl6420-AKL',
87 silly get     'x-cache': 'HIT',
87 silly get     'x-cache-hits': '7',
87 silly get     'x-timer': 'S1466746485.554713,VS0,VE0',
87 silly get     vary: 'Accept-Encoding' } ]
88 verbose etag https://registry.npmjs.org/readable-stream from cache
89 verbose get saving readable-stream to /home/james/.npm/registry.npmjs.org/readable-stream/.cache.json
90 silly resolveWithNewModule readable-stream@1.0.31 checking installable status
91 silly cache add args [ 'readable-stream@1.0.31', null ]
92 verbose cache add spec readable-stream@1.0.31
93 silly cache add parsed spec Result {
93 silly cache add   raw: 'readable-stream@1.0.31',
93 silly cache add   scope: null,
93 silly cache add   name: 'readable-stream',
93 silly cache add   rawSpec: '1.0.31',
93 silly cache add   spec: '1.0.31',
93 silly cache add   type: 'version' }
94 silly addNamed readable-stream@1.0.31
95 verbose addNamed "1.0.31" is a plain semver version for readable-stream
96 silly mapToRegistry name readable-stream
97 silly mapToRegistry using default registry
98 silly mapToRegistry registry https://registry.npmjs.org/
99 silly mapToRegistry uri https://registry.npmjs.org/readable-stream
100 verbose addNameVersion registry:https://registry.npmjs.org/readable-stream not in flight; fetching
101 verbose get https://registry.npmjs.org/readable-stream not expired, no request
102 silly cache afterAdd readable-stream@1.0.31
103 verbose afterAdd /home/james/.npm/readable-stream/1.0.31/package/package.json not in flight; writing
104 verbose afterAdd /home/james/.npm/readable-stream/1.0.31/package/package.json written
105 http 304 https://registry.npmjs.org/pg-types
106 verbose headers { date: 'Fri, 24 Jun 2016 05:34:45 GMT',
106 verbose headers   via: '1.1 varnish',
106 verbose headers   'cache-control': 'max-age=300',
106 verbose headers   etag: '"3S1GJ0XK5L0WUMKE99SRPVCWB"',
106 verbose headers   age: '0',
106 verbose headers   connection: 'keep-alive',
106 verbose headers   'x-served-by': 'cache-akl6420-AKL',
106 verbose headers   'x-cache': 'HIT',
106 verbose headers   'x-cache-hits': '1',
106 verbose headers   'x-timer': 'S1466746485.554311,VS0,VE203',
106 verbose headers   vary: 'Accept-Encoding' }
107 silly get cb [ 304,
107 silly get   { date: 'Fri, 24 Jun 2016 05:34:45 GMT',
107 silly get     via: '1.1 varnish',
107 silly get     'cache-control': 'max-age=300',
107 silly get     etag: '"3S1GJ0XK5L0WUMKE99SRPVCWB"',
107 silly get     age: '0',
107 silly get     connection: 'keep-alive',
107 silly get     'x-served-by': 'cache-akl6420-AKL',
107 silly get     'x-cache': 'HIT',
107 silly get     'x-cache-hits': '1',
107 silly get     'x-timer': 'S1466746485.554311,VS0,VE203',
107 silly get     vary: 'Accept-Encoding' } ]
108 verbose etag https://registry.npmjs.org/pg-types from cache
109 verbose get saving pg-types to /home/james/.npm/registry.npmjs.org/pg-types/.cache.json
110 http 200 https://registry.npmjs.org/libpq
111 verbose headers { server: 'CouchDB/1.5.0 (Erlang OTP/R16B03)',
111 verbose headers   etag: '"3MNRPWV82PIWUXHFZL753YU9V"',
111 verbose headers   'content-type': 'application/json',
111 verbose headers   'content-encoding': 'gzip',
111 verbose headers   'cache-control': 'max-age=300',
111 verbose headers   'content-length': '11544',
111 verbose headers   'accept-ranges': 'bytes',
111 verbose headers   date: 'Fri, 24 Jun 2016 05:34:45 GMT',
111 verbose headers   via: '1.1 varnish',
111 verbose headers   age: '0',
111 verbose headers   connection: 'keep-alive',
111 verbose headers   'x-served-by': 'cache-akl6420-AKL',
111 verbose headers   'x-cache': 'MISS',
111 verbose headers   'x-cache-hits': '0',
111 verbose headers   'x-timer': 'S1466746485.548328,VS0,VE199',
111 verbose headers   vary: 'Accept-Encoding' }
112 silly get cb [ 200,
112 silly get   { server: 'CouchDB/1.5.0 (Erlang OTP/R16B03)',
112 silly get     etag: '"3MNRPWV82PIWUXHFZL753YU9V"',
112 silly get     'content-type': 'application/json',
112 silly get     'content-encoding': 'gzip',
112 silly get     'cache-control': 'max-age=300',
112 silly get     'content-length': '11544',
112 silly get     'accept-ranges': 'bytes',
112 silly get     date: 'Fri, 24 Jun 2016 05:34:45 GMT',
112 silly get     via: '1.1 varnish',
112 silly get     age: '0',
112 silly get     connection: 'keep-alive',
112 silly get     'x-served-by': 'cache-akl6420-AKL',
112 silly get     'x-cache': 'MISS',
112 silly get     'x-cache-hits': '0',
112 silly get     'x-timer': 'S1466746485.548328,VS0,VE199',
112 silly get     vary: 'Accept-Encoding' } ]
113 verbose get saving libpq to /home/james/.npm/registry.npmjs.org/libpq/.cache.json
114 silly resolveWithNewModule pg-types@1.6.0 checking installable status
115 silly cache add args [ 'pg-types@1.6.0', null ]
116 verbose cache add spec pg-types@1.6.0
117 silly cache add parsed spec Result {
117 silly cache add   raw: 'pg-types@1.6.0',
117 silly cache add   scope: null,
117 silly cache add   name: 'pg-types',
117 silly cache add   rawSpec: '1.6.0',
117 silly cache add   spec: '1.6.0',
117 silly cache add   type: 'version' }
118 silly addNamed pg-types@1.6.0
119 verbose addNamed "1.6.0" is a plain semver version for pg-types
120 silly mapToRegistry name pg-types
121 silly mapToRegistry using default registry
122 silly mapToRegistry registry https://registry.npmjs.org/
123 silly mapToRegistry uri https://registry.npmjs.org/pg-types
124 verbose addNameVersion registry:https://registry.npmjs.org/pg-types not in flight; fetching
125 silly resolveWithNewModule libpq@1.8.3 checking installable status
126 silly cache add args [ 'libpq@^1.7.0', null ]
127 verbose cache add spec libpq@^1.7.0
128 silly cache add parsed spec Result {
128 silly cache add   raw: 'libpq@^1.7.0',
128 silly cache add   scope: null,
128 silly cache add   name: 'libpq',
128 silly cache add   rawSpec: '^1.7.0',
128 silly cache add   spec: '>=1.7.0 <2.0.0',
128 silly cache add   type: 'range' }
129 silly addNamed libpq@>=1.7.0 <2.0.0
130 verbose addNamed ">=1.7.0 <2.0.0" is a valid semver range for libpq
131 silly addNameRange { name: 'libpq', range: '>=1.7.0 <2.0.0', hasData: false }
132 silly mapToRegistry name libpq
133 silly mapToRegistry using default registry
134 silly mapToRegistry registry https://registry.npmjs.org/
135 silly mapToRegistry uri https://registry.npmjs.org/libpq
136 verbose addNameRange registry:https://registry.npmjs.org/libpq not in flight; fetching
137 verbose get https://registry.npmjs.org/pg-types not expired, no request
138 verbose get https://registry.npmjs.org/libpq not expired, no request
139 silly addNameRange number 2 { name: 'libpq', range: '>=1.7.0 <2.0.0', hasData: true }
140 silly addNameRange versions [ 'libpq',
140 silly addNameRange   [ '0.2.0',
140 silly addNameRange     '0.2.1',
140 silly addNameRange     '0.2.2',
140 silly addNameRange     '0.2.3',
140 silly addNameRange     '0.2.4',
140 silly addNameRange     '0.2.5',
140 silly addNameRange     '0.3.0',
140 silly addNameRange     '0.4.0',
140 silly addNameRange     '0.4.1',
140 silly addNameRange     '0.5.0',
140 silly addNameRange     '0.5.1',
140 silly addNameRange     '0.5.2',
140 silly addNameRange     '0.5.3',
140 silly addNameRange     '1.0.0',
140 silly addNameRange     '1.0.1',
140 silly addNameRange     '1.1.0',
140 silly addNameRange     '1.2.0',
140 silly addNameRange     '1.2.1',
140 silly addNameRange     '1.3.0',
140 silly addNameRange     '1.3.1',
140 silly addNameRange     '1.4.0',
140 silly addNameRange     '1.4.1',
140 silly addNameRange     '1.4.2',
140 silly addNameRange     '1.5.1',
140 silly addNameRange     '1.6.0',
140 silly addNameRange     '1.6.1',
140 silly addNameRange     '1.6.2',
140 silly addNameRange     '1.6.3',
140 silly addNameRange     '1.6.4',
140 silly addNameRange     '1.7.0',
140 silly addNameRange     '1.8.0',
140 silly addNameRange     '1.8.1',
140 silly addNameRange     '1.8.2',
140 silly addNameRange     '1.8.3' ] ]
141 silly addNamed libpq@1.8.3
142 verbose addNamed "1.8.3" is a plain semver version for libpq
143 silly mapToRegistry name libpq
144 silly mapToRegistry using default registry
145 silly mapToRegistry registry https://registry.npmjs.org/
146 silly mapToRegistry uri https://registry.npmjs.org/libpq
147 verbose addRemoteTarball https://registry.npmjs.org/libpq/-/libpq-1.8.3.tgz not in flight; adding
148 verbose addRemoteTarball [ 'https://registry.npmjs.org/libpq/-/libpq-1.8.3.tgz',
148 verbose addRemoteTarball   '9d08e7de6cd18cf4929225f0b4b0ee7ee8c5d03c' ]
149 info retry fetch attempt 1 at 5:34:42 PM
150 info attempt registry request try #1 at 5:34:42 PM
151 http fetch GET https://registry.npmjs.org/libpq/-/libpq-1.8.3.tgz
152 silly cache afterAdd pg-types@1.6.0
153 verbose afterAdd /home/james/.npm/pg-types/1.6.0/package/package.json not in flight; writing
154 verbose afterAdd /home/james/.npm/pg-types/1.6.0/package/package.json written
155 http fetch 200 https://registry.npmjs.org/libpq/-/libpq-1.8.3.tgz
156 silly fetchAndShaCheck shasum 9d08e7de6cd18cf4929225f0b4b0ee7ee8c5d03c
157 verbose addTmpTarball /tmp/npm-4343-6a8213db/registry.npmjs.org/libpq/-/libpq-1.8.3.tgz not in flight; adding
158 verbose addTmpTarball already have metadata; skipping unpack for libpq@1.8.3
159 silly cache afterAdd libpq@1.8.3
160 verbose afterAdd /home/james/.npm/libpq/1.8.3/package/package.json not in flight; writing
161 verbose afterAdd /home/james/.npm/libpq/1.8.3/package/package.json written
162 silly fetchNamedPackageData nan
163 silly mapToRegistry name nan
164 silly mapToRegistry using default registry
165 silly mapToRegistry registry https://registry.npmjs.org/
166 silly mapToRegistry uri https://registry.npmjs.org/nan
167 silly fetchNamedPackageData bindings
168 silly mapToRegistry name bindings
169 silly mapToRegistry using default registry
170 silly mapToRegistry registry https://registry.npmjs.org/
171 silly mapToRegistry uri https://registry.npmjs.org/bindings
172 verbose request uri https://registry.npmjs.org/nan
173 verbose request no auth needed
174 info attempt registry request try #1 at 5:34:43 PM
175 verbose etag "CHJSOCTXWJAMCR7BO82S4SC8"
176 http request GET https://registry.npmjs.org/nan
177 verbose request uri https://registry.npmjs.org/bindings
178 verbose request no auth needed
179 info attempt registry request try #1 at 5:34:43 PM
180 verbose etag "5MNVCWCD1NYN71LZKTD8QDCME"
181 http request GET https://registry.npmjs.org/bindings
182 http 200 https://registry.npmjs.org/nan
183 verbose headers { server: 'CouchDB/1.5.0 (Erlang OTP/R16B03)',
183 verbose headers   etag: '"12RFHNMU7CS3WJ1892HQLM0NB"',
183 verbose headers   'content-type': 'application/json',
183 verbose headers   'content-encoding': 'gzip',
183 verbose headers   'cache-control': 'max-age=300',
183 verbose headers   'content-length': '16977',
183 verbose headers   'accept-ranges': 'bytes',
183 verbose headers   date: 'Fri, 24 Jun 2016 05:34:46 GMT',
183 verbose headers   via: '1.1 varnish',
183 verbose headers   age: '202',
183 verbose headers   connection: 'keep-alive',
183 verbose headers   'x-served-by': 'cache-akl6421-AKL',
183 verbose headers   'x-cache': 'HIT',
183 verbose headers   'x-cache-hits': '3',
183 verbose headers   'x-timer': 'S1466746486.039050,VS0,VE0',
183 verbose headers   vary: 'Accept-Encoding' }
184 silly get cb [ 200,
184 silly get   { server: 'CouchDB/1.5.0 (Erlang OTP/R16B03)',
184 silly get     etag: '"12RFHNMU7CS3WJ1892HQLM0NB"',
184 silly get     'content-type': 'application/json',
184 silly get     'content-encoding': 'gzip',
184 silly get     'cache-control': 'max-age=300',
184 silly get     'content-length': '16977',
184 silly get     'accept-ranges': 'bytes',
184 silly get     date: 'Fri, 24 Jun 2016 05:34:46 GMT',
184 silly get     via: '1.1 varnish',
184 silly get     age: '202',
184 silly get     connection: 'keep-alive',
184 silly get     'x-served-by': 'cache-akl6421-AKL',
184 silly get     'x-cache': 'HIT',
184 silly get     'x-cache-hits': '3',
184 silly get     'x-timer': 'S1466746486.039050,VS0,VE0',
184 silly get     vary: 'Accept-Encoding' } ]
185 verbose get saving nan to /home/james/.npm/registry.npmjs.org/nan/.cache.json
186 silly resolveWithNewModule nan@2.3.5 checking installable status
187 silly cache add args [ 'nan@^2.3.0', null ]
188 verbose cache add spec nan@^2.3.0
189 silly cache add parsed spec Result {
189 silly cache add   raw: 'nan@^2.3.0',
189 silly cache add   scope: null,
189 silly cache add   name: 'nan',
189 silly cache add   rawSpec: '^2.3.0',
189 silly cache add   spec: '>=2.3.0 <3.0.0',
189 silly cache add   type: 'range' }
190 silly addNamed nan@>=2.3.0 <3.0.0
191 verbose addNamed ">=2.3.0 <3.0.0" is a valid semver range for nan
192 silly addNameRange { name: 'nan', range: '>=2.3.0 <3.0.0', hasData: false }
193 silly mapToRegistry name nan
194 silly mapToRegistry using default registry
195 silly mapToRegistry registry https://registry.npmjs.org/
196 silly mapToRegistry uri https://registry.npmjs.org/nan
197 verbose addNameRange registry:https://registry.npmjs.org/nan not in flight; fetching
198 verbose get https://registry.npmjs.org/nan not expired, no request
199 silly addNameRange number 2 { name: 'nan', range: '>=2.3.0 <3.0.0', hasData: true }
200 silly addNameRange versions [ 'nan',
200 silly addNameRange   [ '0.3.0-wip',
200 silly addNameRange     '0.3.0-wip2',
200 silly addNameRange     '0.3.0',
200 silly addNameRange     '0.3.1',
200 silly addNameRange     '0.3.2',
200 silly addNameRange     '0.4.0',
200 silly addNameRange     '0.4.1',
200 silly addNameRange     '0.4.2',
200 silly addNameRange     '0.4.3',
200 silly addNameRange     '0.4.4',
200 silly addNameRange     '0.5.0',
200 silly addNameRange     '0.5.1',
200 silly addNameRange     '0.5.2',
200 silly addNameRange     '0.6.0',
200 silly addNameRange     '0.7.0',
200 silly addNameRange     '0.7.1',
200 silly addNameRange     '0.8.0',
200 silly addNameRange     '1.0.0',
200 silly addNameRange     '1.1.0',
200 silly addNameRange     '1.1.1',
200 silly addNameRange     '1.1.2',
200 silly addNameRange     '1.2.0',
200 silly addNameRange     '1.3.0',
200 silly addNameRange     '1.4.0',
200 silly addNameRange     '1.4.1',
200 silly addNameRange     '1.5.0',
200 silly addNameRange     '1.4.2',
200 silly addNameRange     '1.4.3',
200 silly addNameRange     '1.5.1',
200 silly addNameRange     '1.5.2',
200 silly addNameRange     '1.6.0',
200 silly addNameRange     '1.5.3',
200 silly addNameRange     '1.6.1',
200 silly addNameRange     '1.6.2',
200 silly addNameRange     '1.7.0',
200 silly addNameRange     '1.8.0',
200 silly addNameRange     '1.8.1',
200 silly addNameRange     '1.8.2',
200 silly addNameRange     '1.8.3',
200 silly addNameRange     '1.8.4',
200 silly addNameRange     '1.9.0',
200 silly addNameRange     '2.0.0',
200 silly addNameRange     '2.0.1',
200 silly addNameRange     '2.0.2',
200 silly addNameRange     '2.0.3',
200 silly addNameRange     '2.0.4',
200 silly addNameRange     '2.0.5',
200 silly addNameRange     '2.0.6',
200 silly addNameRange     '2.0.7',
200 silly addNameRange     '2.0.8',
200 silly addNameRange     '2.0.9',
200 silly addNameRange     '2.1.0',
200 silly addNameRange     '2.2.0',
200 silly addNameRange     '2.2.1',
200 silly addNameRange     '2.3.0',
200 silly addNameRange     '2.3.1',
200 silly addNameRange     '2.3.2',
200 silly addNameRange     '2.3.3',
200 silly addNameRange     '2.3.4',
200 silly addNameRange     '2.3.5' ] ]
201 silly addNamed nan@2.3.5
202 verbose addNamed "2.3.5" is a plain semver version for nan
203 silly cache afterAdd nan@2.3.5
204 verbose afterAdd /home/james/.npm/nan/2.3.5/package/package.json not in flight; writing
205 verbose afterAdd /home/james/.npm/nan/2.3.5/package/package.json written
206 http 200 https://registry.npmjs.org/bindings
207 verbose headers { server: 'CouchDB/1.5.0 (Erlang OTP/R16B03)',
207 verbose headers   etag: '"33TX4J3DNTGF7K41ZUV6OA182"',
207 verbose headers   'content-type': 'application/json',
207 verbose headers   'content-encoding': 'gzip',
207 verbose headers   'cache-control': 'max-age=300',
207 verbose headers   'content-length': '3804',
207 verbose headers   'accept-ranges': 'bytes',
207 verbose headers   date: 'Fri, 24 Jun 2016 05:34:46 GMT',
207 verbose headers   via: '1.1 varnish',
207 verbose headers   age: '0',
207 verbose headers   connection: 'keep-alive',
207 verbose headers   'x-served-by': 'cache-akl6420-AKL',
207 verbose headers   'x-cache': 'HIT',
207 verbose headers   'x-cache-hits': '1',
207 verbose headers   'x-timer': 'S1466746486.042622,VS0,VE208',
207 verbose headers   vary: 'Accept-Encoding' }
208 silly get cb [ 200,
208 silly get   { server: 'CouchDB/1.5.0 (Erlang OTP/R16B03)',
208 silly get     etag: '"33TX4J3DNTGF7K41ZUV6OA182"',
208 silly get     'content-type': 'application/json',
208 silly get     'content-encoding': 'gzip',
208 silly get     'cache-control': 'max-age=300',
208 silly get     'content-length': '3804',
208 silly get     'accept-ranges': 'bytes',
208 silly get     date: 'Fri, 24 Jun 2016 05:34:46 GMT',
208 silly get     via: '1.1 varnish',
208 silly get     age: '0',
208 silly get     connection: 'keep-alive',
208 silly get     'x-served-by': 'cache-akl6420-AKL',
208 silly get     'x-cache': 'HIT',
208 silly get     'x-cache-hits': '1',
208 silly get     'x-timer': 'S1466746486.042622,VS0,VE208',
208 silly get     vary: 'Accept-Encoding' } ]
209 verbose get saving bindings to /home/james/.npm/registry.npmjs.org/bindings/.cache.json
210 silly resolveWithNewModule bindings@1.2.1 checking installable status
211 silly cache add args [ 'bindings@1.2.1', null ]
212 verbose cache add spec bindings@1.2.1
213 silly cache add parsed spec Result {
213 silly cache add   raw: 'bindings@1.2.1',
213 silly cache add   scope: null,
213 silly cache add   name: 'bindings',
213 silly cache add   rawSpec: '1.2.1',
213 silly cache add   spec: '1.2.1',
213 silly cache add   type: 'version' }
214 silly addNamed bindings@1.2.1
215 verbose addNamed "1.2.1" is a plain semver version for bindings
216 silly mapToRegistry name bindings
217 silly mapToRegistry using default registry
218 silly mapToRegistry registry https://registry.npmjs.org/
219 silly mapToRegistry uri https://registry.npmjs.org/bindings
220 verbose addNameVersion registry:https://registry.npmjs.org/bindings not in flight; fetching
221 verbose get https://registry.npmjs.org/bindings not expired, no request
222 silly cache afterAdd bindings@1.2.1
223 verbose afterAdd /home/james/.npm/bindings/1.2.1/package/package.json not in flight; writing
224 verbose afterAdd /home/james/.npm/bindings/1.2.1/package/package.json written
225 silly fetchNamedPackageData core-util-is
226 silly mapToRegistry name core-util-is
227 silly mapToRegistry using default registry
228 silly mapToRegistry registry https://registry.npmjs.org/
229 silly mapToRegistry uri https://registry.npmjs.org/core-util-is
230 silly fetchNamedPackageData isarray
231 silly mapToRegistry name isarray
232 silly mapToRegistry using default registry
233 silly mapToRegistry registry https://registry.npmjs.org/
234 silly mapToRegistry uri https://registry.npmjs.org/isarray
235 silly fetchNamedPackageData string_decoder
236 silly mapToRegistry name string_decoder
237 silly mapToRegistry using default registry
238 silly mapToRegistry registry https://registry.npmjs.org/
239 silly mapToRegistry uri https://registry.npmjs.org/string_decoder
240 silly fetchNamedPackageData inherits
241 silly mapToRegistry name inherits
242 silly mapToRegistry using default registry
243 silly mapToRegistry registry https://registry.npmjs.org/
244 silly mapToRegistry uri https://registry.npmjs.org/inherits
245 verbose request uri https://registry.npmjs.org/core-util-is
246 verbose request no auth needed
247 info attempt registry request try #1 at 5:34:43 PM
248 http request GET https://registry.npmjs.org/core-util-is
249 verbose request uri https://registry.npmjs.org/inherits
250 verbose request no auth needed
251 info attempt registry request try #1 at 5:34:43 PM
252 http request GET https://registry.npmjs.org/inherits
253 verbose request uri https://registry.npmjs.org/isarray
254 verbose request no auth needed
255 info attempt registry request try #1 at 5:34:43 PM
256 verbose etag "9BAUPW5RTV3W0838KA6Y08NTG"
257 http request GET https://registry.npmjs.org/isarray
258 verbose request uri https://registry.npmjs.org/string_decoder
259 verbose request no auth needed
260 info attempt registry request try #1 at 5:34:43 PM
261 verbose etag "3SLQP4XEWUIBONOV855WOPR0B"
262 http request GET https://registry.npmjs.org/string_decoder
263 http 200 https://registry.npmjs.org/core-util-is
264 verbose headers { server: 'CouchDB/1.5.0 (Erlang OTP/R16B03)',
264 verbose headers   etag: '"75RK9UUWAHLYO40UZKLLOJ8YF"',
264 verbose headers   'content-type': 'application/json',
264 verbose headers   'content-encoding': 'gzip',
264 verbose headers   'cache-control': 'max-age=300',
264 verbose headers   'content-length': '1009',
264 verbose headers   'accept-ranges': 'bytes',
264 verbose headers   date: 'Fri, 24 Jun 2016 05:34:46 GMT',
264 verbose headers   via: '1.1 varnish',
264 verbose headers   age: '15',
264 verbose headers   connection: 'keep-alive',
264 verbose headers   'x-served-by': 'cache-akl6421-AKL',
264 verbose headers   'x-cache': 'HIT',
264 verbose headers   'x-cache-hits': '3',
264 verbose headers   'x-timer': 'S1466746486.398625,VS0,VE0',
264 verbose headers   vary: 'Accept-Encoding' }
265 silly get cb [ 200,
265 silly get   { server: 'CouchDB/1.5.0 (Erlang OTP/R16B03)',
265 silly get     etag: '"75RK9UUWAHLYO40UZKLLOJ8YF"',
265 silly get     'content-type': 'application/json',
265 silly get     'content-encoding': 'gzip',
265 silly get     'cache-control': 'max-age=300',
265 silly get     'content-length': '1009',
265 silly get     'accept-ranges': 'bytes',
265 silly get     date: 'Fri, 24 Jun 2016 05:34:46 GMT',
265 silly get     via: '1.1 varnish',
265 silly get     age: '15',
265 silly get     connection: 'keep-alive',
265 silly get     'x-served-by': 'cache-akl6421-AKL',
265 silly get     'x-cache': 'HIT',
265 silly get     'x-cache-hits': '3',
265 silly get     'x-timer': 'S1466746486.398625,VS0,VE0',
265 silly get     vary: 'Accept-Encoding' } ]
266 verbose get saving core-util-is to /home/james/.npm/registry.npmjs.org/core-util-is/.cache.json
267 http 200 https://registry.npmjs.org/inherits
268 verbose headers { server: 'CouchDB/1.5.0 (Erlang OTP/R16B03)',
268 verbose headers   etag: '"DW5AARMI0EU78WM0DVWHCUX08"',
268 verbose headers   'content-type': 'application/json',
268 verbose headers   'content-encoding': 'gzip',
268 verbose headers   'cache-control': 'max-age=300',
268 verbose headers   'content-length': '2377',
268 verbose headers   'accept-ranges': 'bytes',
268 verbose headers   date: 'Fri, 24 Jun 2016 05:34:46 GMT',
268 verbose headers   via: '1.1 varnish',
268 verbose headers   age: '208',
268 verbose headers   connection: 'keep-alive',
268 verbose headers   'x-served-by': 'cache-akl6421-AKL',
268 verbose headers   'x-cache': 'HIT',
268 verbose headers   'x-cache-hits': '6',
268 verbose headers   'x-timer': 'S1466746486.402448,VS0,VE0',
268 verbose headers   vary: 'Accept-Encoding' }
269 silly get cb [ 200,
269 silly get   { server: 'CouchDB/1.5.0 (Erlang OTP/R16B03)',
269 silly get     etag: '"DW5AARMI0EU78WM0DVWHCUX08"',
269 silly get     'content-type': 'application/json',
269 silly get     'content-encoding': 'gzip',
269 silly get     'cache-control': 'max-age=300',
269 silly get     'content-length': '2377',
269 silly get     'accept-ranges': 'bytes',
269 silly get     date: 'Fri, 24 Jun 2016 05:34:46 GMT',
269 silly get     via: '1.1 varnish',
269 silly get     age: '208',
269 silly get     connection: 'keep-alive',
269 silly get     'x-served-by': 'cache-akl6421-AKL',
269 silly get     'x-cache': 'HIT',
269 silly get     'x-cache-hits': '6',
269 silly get     'x-timer': 'S1466746486.402448,VS0,VE0',
269 silly get     vary: 'Accept-Encoding' } ]
270 verbose get saving inherits to /home/james/.npm/registry.npmjs.org/inherits/.cache.json
271 silly resolveWithNewModule core-util-is@1.0.2 checking installable status
272 silly cache add args [ 'core-util-is@~1.0.0', null ]
273 verbose cache add spec core-util-is@~1.0.0
274 silly cache add parsed spec Result {
274 silly cache add   raw: 'core-util-is@~1.0.0',
274 silly cache add   scope: null,
274 silly cache add   name: 'core-util-is',
274 silly cache add   rawSpec: '~1.0.0',
274 silly cache add   spec: '>=1.0.0 <1.1.0',
274 silly cache add   type: 'range' }
275 silly addNamed core-util-is@>=1.0.0 <1.1.0
276 verbose addNamed ">=1.0.0 <1.1.0" is a valid semver range for core-util-is
277 silly addNameRange { name: 'core-util-is', range: '>=1.0.0 <1.1.0', hasData: false }
278 silly mapToRegistry name core-util-is
279 silly mapToRegistry using default registry
280 silly mapToRegistry registry https://registry.npmjs.org/
281 silly mapToRegistry uri https://registry.npmjs.org/core-util-is
282 verbose addNameRange registry:https://registry.npmjs.org/core-util-is not in flight; fetching
283 http 304 https://registry.npmjs.org/string_decoder
284 verbose headers { date: 'Fri, 24 Jun 2016 05:34:46 GMT',
284 verbose headers   via: '1.1 varnish',
284 verbose headers   'cache-control': 'max-age=300',
284 verbose headers   etag: '"3SLQP4XEWUIBONOV855WOPR0B"',
284 verbose headers   age: '288',
284 verbose headers   connection: 'keep-alive',
284 verbose headers   'x-served-by': 'cache-akl6421-AKL',
284 verbose headers   'x-cache': 'HIT',
284 verbose headers   'x-cache-hits': '34',
284 verbose headers   'x-timer': 'S1466746486.405213,VS0,VE0',
284 verbose headers   vary: 'Accept-Encoding' }
285 silly get cb [ 304,
285 silly get   { date: 'Fri, 24 Jun 2016 05:34:46 GMT',
285 silly get     via: '1.1 varnish',
285 silly get     'cache-control': 'max-age=300',
285 silly get     etag: '"3SLQP4XEWUIBONOV855WOPR0B"',
285 silly get     age: '288',
285 silly get     connection: 'keep-alive',
285 silly get     'x-served-by': 'cache-akl6421-AKL',
285 silly get     'x-cache': 'HIT',
285 silly get     'x-cache-hits': '34',
285 silly get     'x-timer': 'S1466746486.405213,VS0,VE0',
285 silly get     vary: 'Accept-Encoding' } ]
286 verbose etag https://registry.npmjs.org/string_decoder from cache
287 verbose get saving string_decoder to /home/james/.npm/registry.npmjs.org/string_decoder/.cache.json
288 silly resolveWithNewModule inherits@2.0.1 checking installable status
289 silly cache add args [ 'inherits@~2.0.1', null ]
290 verbose cache add spec inherits@~2.0.1
291 silly cache add parsed spec Result {
291 silly cache add   raw: 'inherits@~2.0.1',
291 silly cache add   scope: null,
291 silly cache add   name: 'inherits',
291 silly cache add   rawSpec: '~2.0.1',
291 silly cache add   spec: '>=2.0.1 <2.1.0',
291 silly cache add   type: 'range' }
292 silly addNamed inherits@>=2.0.1 <2.1.0
293 verbose addNamed ">=2.0.1 <2.1.0" is a valid semver range for inherits
294 silly addNameRange { name: 'inherits', range: '>=2.0.1 <2.1.0', hasData: false }
295 silly mapToRegistry name inherits
296 silly mapToRegistry using default registry
297 silly mapToRegistry registry https://registry.npmjs.org/
298 silly mapToRegistry uri https://registry.npmjs.org/inherits
299 verbose addNameRange registry:https://registry.npmjs.org/inherits not in flight; fetching
300 http 200 https://registry.npmjs.org/isarray
301 verbose headers { server: 'CouchDB/1.5.0 (Erlang OTP/R16B03)',
301 verbose headers   etag: '"AAXW0WRPW54GWLS62F09DHBWG"',
301 verbose headers   'content-type': 'application/json',
301 verbose headers   'content-encoding': 'gzip',
301 verbose headers   'cache-control': 'max-age=300',
301 verbose headers   'content-length': '2090',
301 verbose headers   'accept-ranges': 'bytes',
301 verbose headers   date: 'Fri, 24 Jun 2016 05:34:46 GMT',
301 verbose headers   via: '1.1 varnish',
301 verbose headers   age: '264',
301 verbose headers   connection: 'keep-alive',
301 verbose headers   'x-served-by': 'cache-akl6421-AKL',
301 verbose headers   'x-cache': 'HIT',
301 verbose headers   'x-cache-hits': '15',
301 verbose headers   'x-timer': 'S1466746486.405137,VS0,VE0',
301 verbose headers   vary: 'Accept-Encoding' }
302 silly get cb [ 200,
302 silly get   { server: 'CouchDB/1.5.0 (Erlang OTP/R16B03)',
302 silly get     etag: '"AAXW0WRPW54GWLS62F09DHBWG"',
302 silly get     'content-type': 'application/json',
302 silly get     'content-encoding': 'gzip',
302 silly get     'cache-control': 'max-age=300',
302 silly get     'content-length': '2090',
302 silly get     'accept-ranges': 'bytes',
302 silly get     date: 'Fri, 24 Jun 2016 05:34:46 GMT',
302 silly get     via: '1.1 varnish',
302 silly get     age: '264',
302 silly get     connection: 'keep-alive',
302 silly get     'x-served-by': 'cache-akl6421-AKL',
302 silly get     'x-cache': 'HIT',
302 silly get     'x-cache-hits': '15',
302 silly get     'x-timer': 'S1466746486.405137,VS0,VE0',
302 silly get     vary: 'Accept-Encoding' } ]
303 verbose get saving isarray to /home/james/.npm/registry.npmjs.org/isarray/.cache.json
304 verbose get https://registry.npmjs.org/core-util-is not expired, no request
305 silly addNameRange number 2 { name: 'core-util-is', range: '>=1.0.0 <1.1.0', hasData: true }
306 silly addNameRange versions [ 'core-util-is', [ '1.0.0', '1.0.1', '1.0.2' ] ]
307 silly addNamed core-util-is@1.0.2
308 verbose addNamed "1.0.2" is a plain semver version for core-util-is
309 silly mapToRegistry name core-util-is
310 silly mapToRegistry using default registry
311 silly mapToRegistry registry https://registry.npmjs.org/
312 silly mapToRegistry uri https://registry.npmjs.org/core-util-is
313 verbose addRemoteTarball https://registry.npmjs.org/core-util-is/-/core-util-is-1.0.2.tgz not in flight; adding
314 verbose addRemoteTarball [ 'https://registry.npmjs.org/core-util-is/-/core-util-is-1.0.2.tgz',
314 verbose addRemoteTarball   'b5fd54220aa2bc5ab57aab7140c940754503c1a7' ]
315 verbose get https://registry.npmjs.org/inherits not expired, no request
316 silly addNameRange number 2 { name: 'inherits', range: '>=2.0.1 <2.1.0', hasData: true }
317 silly addNameRange versions [ 'inherits', [ '1.0.0', '2.0.0', '2.0.1', '1.0.1', '1.0.2' ] ]
318 silly addNamed inherits@2.0.1
319 verbose addNamed "2.0.1" is a plain semver version for inherits
320 info retry fetch attempt 1 at 5:34:43 PM
321 info attempt registry request try #1 at 5:34:43 PM
322 http fetch GET https://registry.npmjs.org/core-util-is/-/core-util-is-1.0.2.tgz
323 silly mapToRegistry name inherits
324 silly mapToRegistry using default registry
325 silly mapToRegistry registry https://registry.npmjs.org/
326 silly mapToRegistry uri https://registry.npmjs.org/inherits
327 verbose addRemoteTarball https://registry.npmjs.org/inherits/-/inherits-2.0.1.tgz not in flight; adding
328 verbose addRemoteTarball [ 'https://registry.npmjs.org/inherits/-/inherits-2.0.1.tgz',
328 verbose addRemoteTarball   'b17d08d326b4423e568eff719f91b0b1cbdf69f1' ]
329 silly resolveWithNewModule string_decoder@0.10.31 checking installable status
330 silly cache add args [ 'string_decoder@~0.10.x', null ]
331 verbose cache add spec string_decoder@~0.10.x
332 silly cache add parsed spec Result {
332 silly cache add   raw: 'string_decoder@~0.10.x',
332 silly cache add   scope: null,
332 silly cache add   name: 'string_decoder',
332 silly cache add   rawSpec: '~0.10.x',
332 silly cache add   spec: '>=0.10.0 <0.11.0',
332 silly cache add   type: 'range' }
333 silly addNamed string_decoder@>=0.10.0 <0.11.0
334 verbose addNamed ">=0.10.0 <0.11.0" is a valid semver range for string_decoder
335 silly addNameRange { name: 'string_decoder',
335 silly addNameRange   range: '>=0.10.0 <0.11.0',
335 silly addNameRange   hasData: false }
336 silly mapToRegistry name string_decoder
337 silly mapToRegistry using default registry
338 silly mapToRegistry registry https://registry.npmjs.org/
339 silly mapToRegistry uri https://registry.npmjs.org/string_decoder
340 verbose addNameRange registry:https://registry.npmjs.org/string_decoder not in flight; fetching
341 silly resolveWithNewModule isarray@0.0.1 checking installable status
342 silly cache add args [ 'isarray@0.0.1', null ]
343 verbose cache add spec isarray@0.0.1
344 silly cache add parsed spec Result {
344 silly cache add   raw: 'isarray@0.0.1',
344 silly cache add   scope: null,
344 silly cache add   name: 'isarray',
344 silly cache add   rawSpec: '0.0.1',
344 silly cache add   spec: '0.0.1',
344 silly cache add   type: 'version' }
345 silly addNamed isarray@0.0.1
346 verbose addNamed "0.0.1" is a plain semver version for isarray
347 silly mapToRegistry name isarray
348 silly mapToRegistry using default registry
349 silly mapToRegistry registry https://registry.npmjs.org/
350 silly mapToRegistry uri https://registry.npmjs.org/isarray
351 verbose addNameVersion registry:https://registry.npmjs.org/isarray not in flight; fetching
352 info retry fetch attempt 1 at 5:34:43 PM
353 info attempt registry request try #1 at 5:34:43 PM
354 http fetch GET https://registry.npmjs.org/inherits/-/inherits-2.0.1.tgz
355 verbose get https://registry.npmjs.org/string_decoder not expired, no request
356 silly addNameRange number 2 { name: 'string_decoder',
356 silly addNameRange   range: '>=0.10.0 <0.11.0',
356 silly addNameRange   hasData: true }
357 silly addNameRange versions [ 'string_decoder',
357 silly addNameRange   [ '0.0.0',
357 silly addNameRange     '0.0.1',
357 silly addNameRange     '0.10.24',
357 silly addNameRange     '0.11.10',
357 silly addNameRange     '0.10.25',
357 silly addNameRange     '0.11.10-1',
357 silly addNameRange     '0.10.25-1',
357 silly addNameRange     '0.10.31' ] ]
358 silly addNamed string_decoder@0.10.31
359 verbose addNamed "0.10.31" is a plain semver version for string_decoder
360 verbose get https://registry.npmjs.org/isarray not expired, no request
361 silly cache afterAdd isarray@0.0.1
362 verbose afterAdd /home/james/.npm/isarray/0.0.1/package/package.json not in flight; writing
363 silly cache afterAdd string_decoder@0.10.31
364 verbose afterAdd /home/james/.npm/string_decoder/0.10.31/package/package.json not in flight; writing
365 verbose afterAdd /home/james/.npm/isarray/0.0.1/package/package.json written
366 verbose afterAdd /home/james/.npm/string_decoder/0.10.31/package/package.json written
367 http fetch 200 https://registry.npmjs.org/core-util-is/-/core-util-is-1.0.2.tgz
368 silly fetchAndShaCheck shasum b5fd54220aa2bc5ab57aab7140c940754503c1a7
369 verbose addTmpTarball /tmp/npm-4343-6a8213db/registry.npmjs.org/core-util-is/-/core-util-is-1.0.2.tgz not in flight; adding
370 verbose addTmpTarball already have metadata; skipping unpack for core-util-is@1.0.2
371 silly cache afterAdd core-util-is@1.0.2
372 verbose afterAdd /home/james/.npm/core-util-is/1.0.2/package/package.json not in flight; writing
373 verbose afterAdd /home/james/.npm/core-util-is/1.0.2/package/package.json written
374 http fetch 200 https://registry.npmjs.org/inherits/-/inherits-2.0.1.tgz
375 silly fetchAndShaCheck shasum b17d08d326b4423e568eff719f91b0b1cbdf69f1
376 verbose addTmpTarball /tmp/npm-4343-6a8213db/registry.npmjs.org/inherits/-/inherits-2.0.1.tgz not in flight; adding
377 verbose addTmpTarball already have metadata; skipping unpack for inherits@2.0.1
378 silly cache afterAdd inherits@2.0.1
379 verbose afterAdd /home/james/.npm/inherits/2.0.1/package/package.json not in flight; writing
380 verbose afterAdd /home/james/.npm/inherits/2.0.1/package/package.json written
381 silly loadAllDepsIntoIdealTree Finishing
382 silly idealTree:prePrune FlattingPlusWebApp
382 silly idealTree:prePrune ├── bindings@1.2.1
382 silly idealTree:prePrune ├── core-util-is@1.0.2
382 silly idealTree:prePrune ├── inherits@2.0.1
382 silly idealTree:prePrune ├── isarray@0.0.1
382 silly idealTree:prePrune ├── libpq@1.8.3
382 silly idealTree:prePrune ├── nan@2.3.5
382 silly idealTree:prePrune ├── pg-native@1.10.0
382 silly idealTree:prePrune ├── pg-types@1.6.0
382 silly idealTree:prePrune ├── readable-stream@1.0.31
382 silly idealTree:prePrune └── string_decoder@0.10.31
383 silly loadIdealTree Finishing
384 silly currentTree FlattingPlusWebApp
385 silly idealTree FlattingPlusWebApp
385 silly idealTree ├── bindings@1.2.1
385 silly idealTree ├── core-util-is@1.0.2
385 silly idealTree ├── inherits@2.0.1
385 silly idealTree ├── isarray@0.0.1
385 silly idealTree ├── libpq@1.8.3
385 silly idealTree ├── nan@2.3.5
385 silly idealTree ├── pg-native@1.10.0
385 silly idealTree ├── pg-types@1.6.0
385 silly idealTree ├── readable-stream@1.0.31
385 silly idealTree └── string_decoder@0.10.31
386 silly generateActionsToTake Starting
387 silly install generateActionsToTake
388 silly generateActionsToTake Finishing
389 silly diffTrees action count 10
390 silly diffTrees add bindings@1.2.1
391 silly diffTrees add core-util-is@1.0.2
392 silly diffTrees add inherits@2.0.1
393 silly diffTrees add isarray@0.0.1
394 silly diffTrees add nan@2.3.5
395 silly diffTrees add libpq@1.8.3
396 silly diffTrees add pg-types@1.6.0
397 silly diffTrees add string_decoder@0.10.31
398 silly diffTrees add readable-stream@1.0.31
399 silly diffTrees add pg-native@1.10.0
400 silly decomposeActions action count 80
401 silly decomposeActions fetch bindings@1.2.1
402 silly decomposeActions extract bindings@1.2.1
403 silly decomposeActions test bindings@1.2.1
404 silly decomposeActions preinstall bindings@1.2.1
405 silly decomposeActions build bindings@1.2.1
406 silly decomposeActions install bindings@1.2.1
407 silly decomposeActions postinstall bindings@1.2.1
408 silly decomposeActions finalize bindings@1.2.1
409 silly decomposeActions fetch core-util-is@1.0.2
410 silly decomposeActions extract core-util-is@1.0.2
411 silly decomposeActions test core-util-is@1.0.2
412 silly decomposeActions preinstall core-util-is@1.0.2
413 silly decomposeActions build core-util-is@1.0.2
414 silly decomposeActions install core-util-is@1.0.2
415 silly decomposeActions postinstall core-util-is@1.0.2
416 silly decomposeActions finalize core-util-is@1.0.2
417 silly decomposeActions fetch inherits@2.0.1
418 silly decomposeActions extract inherits@2.0.1
419 silly decomposeActions test inherits@2.0.1
420 silly decomposeActions preinstall inherits@2.0.1
421 silly decomposeActions build inherits@2.0.1
422 silly decomposeActions install inherits@2.0.1
423 silly decomposeActions postinstall inherits@2.0.1
424 silly decomposeActions finalize inherits@2.0.1
425 silly decomposeActions fetch isarray@0.0.1
426 silly decomposeActions extract isarray@0.0.1
427 silly decomposeActions test isarray@0.0.1
428 silly decomposeActions preinstall isarray@0.0.1
429 silly decomposeActions build isarray@0.0.1
430 silly decomposeActions install isarray@0.0.1
431 silly decomposeActions postinstall isarray@0.0.1
432 silly decomposeActions finalize isarray@0.0.1
433 silly decomposeActions fetch nan@2.3.5
434 silly decomposeActions extract nan@2.3.5
435 silly decomposeActions test nan@2.3.5
436 silly decomposeActions preinstall nan@2.3.5
437 silly decomposeActions build nan@2.3.5
438 silly decomposeActions install nan@2.3.5
439 silly decomposeActions postinstall nan@2.3.5
440 silly decomposeActions finalize nan@2.3.5
441 silly decomposeActions fetch libpq@1.8.3
442 silly decomposeActions extract libpq@1.8.3
443 silly decomposeActions test libpq@1.8.3
444 silly decomposeActions preinstall libpq@1.8.3
445 silly decomposeActions build libpq@1.8.3
446 silly decomposeActions install libpq@1.8.3
447 silly decomposeActions postinstall libpq@1.8.3
448 silly decomposeActions finalize libpq@1.8.3
449 silly decomposeActions fetch pg-types@1.6.0
450 silly decomposeActions extract pg-types@1.6.0
451 silly decomposeActions test pg-types@1.6.0
452 silly decomposeActions preinstall pg-types@1.6.0
453 silly decomposeActions build pg-types@1.6.0
454 silly decomposeActions install pg-types@1.6.0
455 silly decomposeActions postinstall pg-types@1.6.0
456 silly decomposeActions finalize pg-types@1.6.0
457 silly decomposeActions fetch string_decoder@0.10.31
458 silly decomposeActions extract string_decoder@0.10.31
459 silly decomposeActions test string_decoder@0.10.31
460 silly decomposeActions preinstall string_decoder@0.10.31
461 silly decomposeActions build string_decoder@0.10.31
462 silly decomposeActions install string_decoder@0.10.31
463 silly decomposeActions postinstall string_decoder@0.10.31
464 silly decomposeActions finalize string_decoder@0.10.31
465 silly decomposeActions fetch readable-stream@1.0.31
466 silly decomposeActions extract readable-stream@1.0.31
467 silly decomposeActions test readable-stream@1.0.31
468 silly decomposeActions preinstall readable-stream@1.0.31
469 silly decomposeActions build readable-stream@1.0.31
470 silly decomposeActions install readable-stream@1.0.31
471 silly decomposeActions postinstall readable-stream@1.0.31
472 silly decomposeActions finalize readable-stream@1.0.31
473 silly decomposeActions fetch pg-native@1.10.0
474 silly decomposeActions extract pg-native@1.10.0
475 silly decomposeActions test pg-native@1.10.0
476 silly decomposeActions preinstall pg-native@1.10.0
477 silly decomposeActions build pg-native@1.10.0
478 silly decomposeActions install pg-native@1.10.0
479 silly decomposeActions postinstall pg-native@1.10.0
480 silly decomposeActions finalize pg-native@1.10.0
481 silly executeActions Starting
482 silly install executeActions
483 silly doSerial global-install 0
484 silly doParallel fetch 10
485 verbose lock using /home/james/.npm/_locks/staging-f22db348b232a511.lock for /home/james/Documents/Android/FlattingPlusWebApp/node_modules/.staging
486 silly doParallel extract 10
487 silly extract bindings@1.2.1
488 silly extract core-util-is@1.0.2
489 silly extract inherits@2.0.1
490 silly extract isarray@0.0.1
491 silly extract nan@2.3.5
492 silly extract libpq@1.8.3
493 silly extract pg-types@1.6.0
494 silly extract string_decoder@0.10.31
495 silly extract readable-stream@1.0.31
496 silly extract pg-native@1.10.0
497 verbose unbuild node_modules/.staging/core-util-is-cff62690
498 verbose unbuild node_modules/.staging/bindings-a6aa5841
499 verbose unbuild node_modules/.staging/inherits-9bef3b65
500 verbose unbuild node_modules/.staging/isarray-81ad2c2e
501 verbose unbuild node_modules/.staging/nan-c54021b7
502 verbose unbuild node_modules/.staging/libpq-2002936c
503 verbose unbuild node_modules/.staging/pg-types-dd26e757
504 verbose unbuild node_modules/.staging/string_decoder-e810747f
505 verbose unbuild node_modules/.staging/readable-stream-4be13ec9
506 verbose unbuild node_modules/.staging/pg-native-62a7612d
507 silly gentlyRm /home/james/Documents/Android/FlattingPlusWebApp/node_modules/.staging/core-util-is-cff62690 is being purged from base /home/james/Documents/Android/FlattingPlusWebApp
508 verbose gentlyRm don't care about contents; nuking /home/james/Documents/Android/FlattingPlusWebApp/node_modules/.staging/core-util-is-cff62690
509 silly gentlyRm /home/james/Documents/Android/FlattingPlusWebApp/node_modules/.staging/bindings-a6aa5841 is being purged from base /home/james/Documents/Android/FlattingPlusWebApp
510 verbose gentlyRm don't care about contents; nuking /home/james/Documents/Android/FlattingPlusWebApp/node_modules/.staging/bindings-a6aa5841
511 silly gentlyRm /home/james/Documents/Android/FlattingPlusWebApp/node_modules/.staging/inherits-9bef3b65 is being purged from base /home/james/Documents/Android/FlattingPlusWebApp
512 verbose gentlyRm don't care about contents; nuking /home/james/Documents/Android/FlattingPlusWebApp/node_modules/.staging/inherits-9bef3b65
513 silly gentlyRm /home/james/Documents/Android/FlattingPlusWebApp/node_modules/.staging/isarray-81ad2c2e is being purged from base /home/james/Documents/Android/FlattingPlusWebApp
514 verbose gentlyRm don't care about contents; nuking /home/james/Documents/Android/FlattingPlusWebApp/node_modules/.staging/isarray-81ad2c2e
515 silly gentlyRm /home/james/Documents/Android/FlattingPlusWebApp/node_modules/.staging/nan-c54021b7 is being purged from base /home/james/Documents/Android/FlattingPlusWebApp
516 verbose gentlyRm don't care about contents; nuking /home/james/Documents/Android/FlattingPlusWebApp/node_modules/.staging/nan-c54021b7
517 silly gentlyRm /home/james/Documents/Android/FlattingPlusWebApp/node_modules/.staging/libpq-2002936c is being purged from base /home/james/Documents/Android/FlattingPlusWebApp
518 verbose gentlyRm don't care about contents; nuking /home/james/Documents/Android/FlattingPlusWebApp/node_modules/.staging/libpq-2002936c
519 silly gentlyRm /home/james/Documents/Android/FlattingPlusWebApp/node_modules/.staging/pg-types-dd26e757 is being purged from base /home/james/Documents/Android/FlattingPlusWebApp
520 verbose gentlyRm don't care about contents; nuking /home/james/Documents/Android/FlattingPlusWebApp/node_modules/.staging/pg-types-dd26e757
521 silly gentlyRm /home/james/Documents/Android/FlattingPlusWebApp/node_modules/.staging/string_decoder-e810747f is being purged from base /home/james/Documents/Android/FlattingPlusWebApp
522 verbose gentlyRm don't care about contents; nuking /home/james/Documents/Android/FlattingPlusWebApp/node_modules/.staging/string_decoder-e810747f
523 silly gentlyRm /home/james/Documents/Android/FlattingPlusWebApp/node_modules/.staging/readable-stream-4be13ec9 is being purged from base /home/james/Documents/Android/FlattingPlusWebApp
524 verbose gentlyRm don't care about contents; nuking /home/james/Documents/Android/FlattingPlusWebApp/node_modules/.staging/readable-stream-4be13ec9
525 silly gentlyRm /home/james/Documents/Android/FlattingPlusWebApp/node_modules/.staging/pg-native-62a7612d is being purged from base /home/james/Documents/Android/FlattingPlusWebApp
526 verbose gentlyRm don't care about contents; nuking /home/james/Documents/Android/FlattingPlusWebApp/node_modules/.staging/pg-native-62a7612d
527 verbose tar unpack /home/james/.npm/core-util-is/1.0.2/package.tgz
528 verbose tar unpacking to /home/james/Documents/Android/FlattingPlusWebApp/node_modules/.staging/core-util-is-cff62690
529 silly gentlyRm /home/james/Documents/Android/FlattingPlusWebApp/node_modules/.staging/core-util-is-cff62690 is being purged
530 verbose gentlyRm don't care about contents; nuking /home/james/Documents/Android/FlattingPlusWebApp/node_modules/.staging/core-util-is-cff62690
531 verbose tar unpack /home/james/.npm/bindings/1.2.1/package.tgz
532 verbose tar unpacking to /home/james/Documents/Android/FlattingPlusWebApp/node_modules/.staging/bindings-a6aa5841
533 silly gentlyRm /home/james/Documents/Android/FlattingPlusWebApp/node_modules/.staging/bindings-a6aa5841 is being purged
534 verbose gentlyRm don't care about contents; nuking /home/james/Documents/Android/FlattingPlusWebApp/node_modules/.staging/bindings-a6aa5841
535 verbose tar unpack /home/james/.npm/inherits/2.0.1/package.tgz
536 verbose tar unpacking to /home/james/Documents/Android/FlattingPlusWebApp/node_modules/.staging/inherits-9bef3b65
537 silly gentlyRm /home/james/Documents/Android/FlattingPlusWebApp/node_modules/.staging/inherits-9bef3b65 is being purged
538 verbose gentlyRm don't care about contents; nuking /home/james/Documents/Android/FlattingPlusWebApp/node_modules/.staging/inherits-9bef3b65
539 verbose tar unpack /home/james/.npm/isarray/0.0.1/package.tgz
540 verbose tar unpacking to /home/james/Documents/Android/FlattingPlusWebApp/node_modules/.staging/isarray-81ad2c2e
541 silly gentlyRm /home/james/Documents/Android/FlattingPlusWebApp/node_modules/.staging/isarray-81ad2c2e is being purged
542 verbose gentlyRm don't care about contents; nuking /home/james/Documents/Android/FlattingPlusWebApp/node_modules/.staging/isarray-81ad2c2e
543 verbose tar unpack /home/james/.npm/nan/2.3.5/package.tgz
544 verbose tar unpacking to /home/james/Documents/Android/FlattingPlusWebApp/node_modules/.staging/nan-c54021b7
545 silly gentlyRm /home/james/Documents/Android/FlattingPlusWebApp/node_modules/.staging/nan-c54021b7 is being purged
546 verbose gentlyRm don't care about contents; nuking /home/james/Documents/Android/FlattingPlusWebApp/node_modules/.staging/nan-c54021b7
547 verbose tar unpack /home/james/.npm/libpq/1.8.3/package.tgz
548 verbose tar unpacking to /home/james/Documents/Android/FlattingPlusWebApp/node_modules/.staging/libpq-2002936c
549 silly gentlyRm /home/james/Documents/Android/FlattingPlusWebApp/node_modules/.staging/libpq-2002936c is being purged
550 verbose gentlyRm don't care about contents; nuking /home/james/Documents/Android/FlattingPlusWebApp/node_modules/.staging/libpq-2002936c
551 verbose tar unpack /home/james/.npm/pg-types/1.6.0/package.tgz
552 verbose tar unpacking to /home/james/Documents/Android/FlattingPlusWebApp/node_modules/.staging/pg-types-dd26e757
553 silly gentlyRm /home/james/Documents/Android/FlattingPlusWebApp/node_modules/.staging/pg-types-dd26e757 is being purged
554 verbose gentlyRm don't care about contents; nuking /home/james/Documents/Android/FlattingPlusWebApp/node_modules/.staging/pg-types-dd26e757
555 verbose tar unpack /home/james/.npm/string_decoder/0.10.31/package.tgz
556 verbose tar unpacking to /home/james/Documents/Android/FlattingPlusWebApp/node_modules/.staging/string_decoder-e810747f
557 silly gentlyRm /home/james/Documents/Android/FlattingPlusWebApp/node_modules/.staging/string_decoder-e810747f is being purged
558 verbose gentlyRm don't care about contents; nuking /home/james/Documents/Android/FlattingPlusWebApp/node_modules/.staging/string_decoder-e810747f
559 verbose tar unpack /home/james/.npm/readable-stream/1.0.31/package.tgz
560 verbose tar unpacking to /home/james/Documents/Android/FlattingPlusWebApp/node_modules/.staging/readable-stream-4be13ec9
561 silly gentlyRm /home/james/Documents/Android/FlattingPlusWebApp/node_modules/.staging/readable-stream-4be13ec9 is being purged
562 verbose gentlyRm don't care about contents; nuking /home/james/Documents/Android/FlattingPlusWebApp/node_modules/.staging/readable-stream-4be13ec9
563 verbose tar unpack /home/james/.npm/pg-native/1.10.0/package.tgz
564 verbose tar unpacking to /home/james/Documents/Android/FlattingPlusWebApp/node_modules/.staging/pg-native-62a7612d
565 silly gentlyRm /home/james/Documents/Android/FlattingPlusWebApp/node_modules/.staging/pg-native-62a7612d is being purged
566 verbose gentlyRm don't care about contents; nuking /home/james/Documents/Android/FlattingPlusWebApp/node_modules/.staging/pg-native-62a7612d
567 silly gunzTarPerm modes [ '775', '664' ]
568 silly gunzTarPerm modes [ '775', '664' ]
569 silly gunzTarPerm modes [ '775', '664' ]
570 silly gunzTarPerm modes [ '775', '664' ]
571 silly gunzTarPerm modes [ '775', '664' ]
572 silly gunzTarPerm modes [ '775', '664' ]
573 silly gunzTarPerm modes [ '775', '664' ]
574 silly gunzTarPerm modes [ '775', '664' ]
575 silly gunzTarPerm modes [ '775', '664' ]
576 silly gunzTarPerm modes [ '775', '664' ]
577 silly gunzTarPerm extractEntry package.json
578 silly gunzTarPerm modified mode [ 'package.json', 420, 436 ]
579 silly gunzTarPerm extractEntry package.json
580 silly gunzTarPerm modified mode [ 'package.json', 420, 436 ]
581 silly gunzTarPerm extractEntry package.json
582 silly gunzTarPerm modified mode [ 'package.json', 420, 436 ]
583 silly gunzTarPerm extractEntry package.json
584 silly gunzTarPerm modified mode [ 'package.json', 420, 436 ]
585 silly gunzTarPerm extractEntry package.json
586 silly gunzTarPerm extractEntry package.json
587 silly gunzTarPerm modified mode [ 'package.json', 420, 436 ]
588 silly gunzTarPerm extractEntry package.json
589 silly gunzTarPerm modified mode [ 'package.json', 420, 436 ]
590 silly gunzTarPerm extractEntry package.json
591 silly gunzTarPerm extractEntry package.json
592 silly gunzTarPerm extractEntry package.json
593 silly gunzTarPerm modified mode [ 'package.json', 420, 436 ]
594 silly gunzTarPerm extractEntry README.md
595 silly gunzTarPerm modified mode [ 'README.md', 420, 436 ]
596 silly gunzTarPerm extractEntry LICENSE
597 silly gunzTarPerm modified mode [ 'LICENSE', 420, 436 ]
598 silly gunzTarPerm extractEntry README.md
599 silly gunzTarPerm modified mode [ 'README.md', 420, 436 ]
600 silly gunzTarPerm extractEntry bindings.js
601 silly gunzTarPerm modified mode [ 'bindings.js', 420, 436 ]
602 silly gunzTarPerm extractEntry README.md
603 silly gunzTarPerm modified mode [ 'README.md', 420, 436 ]
604 silly gunzTarPerm extractEntry LICENSE
605 silly gunzTarPerm modified mode [ 'LICENSE', 420, 436 ]
606 silly gunzTarPerm extractEntry README.md
607 silly gunzTarPerm modified mode [ 'README.md', 420, 436 ]
608 silly gunzTarPerm extractEntry index.js
609 silly gunzTarPerm modified mode [ 'index.js', 420, 436 ]
610 silly gunzTarPerm extractEntry README.md
611 silly gunzTarPerm extractEntry .npmignore
612 silly gunzTarPerm modified mode [ '.npmignore', 420, 436 ]
613 silly gunzTarPerm extractEntry README.md
614 silly gunzTarPerm modified mode [ 'README.md', 420, 436 ]
615 silly gunzTarPerm extractEntry include_dirs.js
616 silly gunzTarPerm extractEntry .npmignore
617 silly gunzTarPerm modified mode [ '.npmignore', 420, 436 ]
618 silly gunzTarPerm extractEntry README.md
619 silly gunzTarPerm modified mode [ 'README.md', 420, 436 ]
620 silly gunzTarPerm extractEntry .npmignore
621 silly gunzTarPerm extractEntry README.md
622 silly gunzTarPerm extractEntry .npmignore
623 silly gunzTarPerm modified mode [ '.npmignore', 420, 436 ]
624 silly gunzTarPerm extractEntry README.md
625 silly gunzTarPerm extractEntry .npmignore
626 silly gunzTarPerm modified mode [ '.npmignore', 420, 436 ]
627 silly gunzTarPerm extractEntry README.md
628 silly gunzTarPerm modified mode [ 'README.md', 420, 436 ]
629 silly gunzTarPerm extractEntry inherits.js
630 silly gunzTarPerm modified mode [ 'inherits.js', 420, 436 ]
631 silly gunzTarPerm extractEntry inherits_browser.js
632 silly gunzTarPerm modified mode [ 'inherits_browser.js', 420, 436 ]
633 silly gunzTarPerm extractEntry test.js
634 silly gunzTarPerm modified mode [ 'test.js', 420, 436 ]
635 silly gunzTarPerm extractEntry float.patch
636 silly gunzTarPerm modified mode [ 'float.patch', 420, 436 ]
637 silly gunzTarPerm extractEntry build/build.js
638 silly gunzTarPerm modified mode [ 'build/build.js', 420, 436 ]
639 silly gunzTarPerm extractEntry component.json
640 silly gunzTarPerm modified mode [ 'component.json', 420, 436 ]
641 silly gunzTarPerm extractEntry nan_converters.h
642 silly gunzTarPerm extractEntry LICENSE.md
643 silly gunzTarPerm extractEntry doc/node_misc.md
644 silly gunzTarPerm extractEntry index.js
645 silly gunzTarPerm modified mode [ 'index.js', 420, 436 ]
646 silly gunzTarPerm extractEntry index.js
647 silly gunzTarPerm modified mode [ 'index.js', 420, 436 ]
648 silly gunzTarPerm extractEntry .travis.yml
649 silly gunzTarPerm modified mode [ '.travis.yml', 420, 436 ]
650 silly gunzTarPerm extractEntry LICENSE
651 silly gunzTarPerm extractEntry index.js
652 silly gunzTarPerm extractEntry index.js
653 silly gunzTarPerm modified mode [ 'index.js', 420, 436 ]
654 silly gunzTarPerm extractEntry bench/index.js
655 silly gunzTarPerm modified mode [ 'bench/index.js', 420, 436 ]
656 silly gunzTarPerm extractEntry bench/leaks.js
657 silly gunzTarPerm modified mode [ 'bench/leaks.js', 420, 436 ]
658 silly gunzTarPerm extractEntry .travis.yml
659 silly gunzTarPerm modified mode [ '.travis.yml', 420, 436 ]
660 silly gunzTarPerm extractEntry Makefile
661 silly gunzTarPerm modified mode [ 'Makefile', 420, 436 ]
662 silly gunzTarPerm extractEntry lib/copy-stream.js
663 silly gunzTarPerm modified mode [ 'lib/copy-stream.js', 420, 436 ]
664 silly gunzTarPerm extractEntry test/array-mode.js
665 silly gunzTarPerm modified mode [ 'test/array-mode.js', 420, 436 ]
666 silly gunzTarPerm extractEntry test/custom-types.js
667 silly gunzTarPerm modified mode [ 'test/custom-types.js', 420, 436 ]
668 silly gunzTarPerm extractEntry test/domains.js
669 silly gunzTarPerm modified mode [ 'test/domains.js', 420, 436 ]
670 silly gunzTarPerm extractEntry test/huge-query.js
671 silly gunzTarPerm modified mode [ 'test/huge-query.js', 420, 436 ]
672 silly gunzTarPerm extractEntry test/copy-to.js
673 silly gunzTarPerm modified mode [ 'test/copy-to.js', 420, 436 ]
674 silly gunzTarPerm extractEntry test/async-workflow.js
675 silly gunzTarPerm modified mode [ 'test/async-workflow.js', 420, 436 ]
676 silly gunzTarPerm extractEntry test/many-connections.js
677 silly gunzTarPerm modified mode [ 'test/many-connections.js', 420, 436 ]
678 silly gunzTarPerm extractEntry test/many-errors.js
679 silly gunzTarPerm modified mode [ 'test/many-errors.js', 420, 436 ]
680 silly gunzTarPerm extractEntry test/query-sync.js
681 silly gunzTarPerm modified mode [ 'test/query-sync.js', 420, 436 ]
682 silly gunzTarPerm extractEntry test/multiple-queries.js
683 silly gunzTarPerm modified mode [ 'test/multiple-queries.js', 420, 436 ]
684 silly gunzTarPerm extractEntry test/copy-from.js
685 silly gunzTarPerm modified mode [ 'test/copy-from.js', 420, 436 ]
686 silly gunzTarPerm extractEntry test/notify.js
687 silly gunzTarPerm modified mode [ 'test/notify.js', 420, 436 ]
688 silly gunzTarPerm extractEntry test/connection.js
689 silly gunzTarPerm modified mode [ 'test/connection.js', 420, 436 ]
690 silly gunzTarPerm extractEntry test/prepare.js
691 silly gunzTarPerm modified mode [ 'test/prepare.js', 420, 436 ]
692 silly gunzTarPerm extractEntry test/cancel.js
693 silly gunzTarPerm modified mode [ 'test/cancel.js', 420, 436 ]
694 silly gunzTarPerm extractEntry test/query-async.js
695 silly gunzTarPerm modified mode [ 'test/query-async.js', 420, 436 ]
696 silly gunzTarPerm extractEntry test/index.js
697 silly gunzTarPerm modified mode [ 'test/index.js', 420, 436 ]
698 silly gunzTarPerm extractEntry test/version.js
699 silly gunzTarPerm modified mode [ 'test/version.js', 420, 436 ]
700 silly gunzTarPerm extractEntry test/load.js
701 silly gunzTarPerm modified mode [ 'test/load.js', 420, 436 ]
702 silly gunzTarPerm extractEntry test/mocha.opts
703 silly gunzTarPerm modified mode [ 'test/mocha.opts', 420, 436 ]
704 silly gunzTarPerm extractEntry LICENSE
705 silly gunzTarPerm extractEntry transform.js
706 silly gunzTarPerm modified mode [ 'transform.js', 420, 436 ]
707 silly gunzTarPerm extractEntry doc/asyncworker.md
708 silly gunzTarPerm extractEntry lib/util.js
709 silly gunzTarPerm modified mode [ 'lib/util.js', 420, 436 ]
710 silly gunzTarPerm extractEntry test.js
711 silly gunzTarPerm modified mode [ 'test.js', 420, 436 ]
712 silly gunzTarPerm extractEntry binding.gyp
713 silly gunzTarPerm modified mode [ 'binding.gyp', 420, 436 ]
714 silly gunzTarPerm extractEntry .travis.yml
715 silly gunzTarPerm modified mode [ '.travis.yml', 420, 436 ]
716 silly gunzTarPerm extractEntry Makefile
717 silly gunzTarPerm modified mode [ 'Makefile', 420, 436 ]
718 silly gunzTarPerm extractEntry Makefile
719 silly gunzTarPerm modified mode [ 'Makefile', 420, 436 ]
720 silly gunzTarPerm extractEntry lib/arrayParser.js
721 silly gunzTarPerm modified mode [ 'lib/arrayParser.js', 420, 436 ]
722 silly gunzTarPerm extractEntry duplex.js
723 silly gunzTarPerm modified mode [ 'duplex.js', 420, 436 ]
724 silly gunzTarPerm extractEntry readable.js
725 silly gunzTarPerm extractEntry src/addon.cc
726 silly gunzTarPerm modified mode [ 'src/addon.cc', 420, 436 ]
727 silly gunzTarPerm extractEntry doc/callback.md
728 silly gunzTarPerm extractEntry doc/converters.md
729 silly gunzTarPerm extractEntry lib/binaryParsers.js
730 silly gunzTarPerm modified mode [ 'lib/binaryParsers.js', 420, 436 ]
731 silly gunzTarPerm extractEntry lib/textParsers.js
732 silly gunzTarPerm modified mode [ 'lib/textParsers.js', 420, 436 ]
733 silly gunzTarPerm extractEntry test/array.js
734 silly gunzTarPerm modified mode [ 'test/array.js', 420, 436 ]
735 silly gunzTarPerm extractEntry test/assert.js
736 silly gunzTarPerm modified mode [ 'test/assert.js', 420, 436 ]
737 silly gunzTarPerm extractEntry test/dates.js
738 silly gunzTarPerm modified mode [ 'test/dates.js', 420, 436 ]
739 silly gunzTarPerm extractEntry test/index.js
740 silly gunzTarPerm modified mode [ 'test/index.js', 420, 436 ]
741 silly gunzTarPerm extractEntry passthrough.js
742 silly gunzTarPerm modified mode [ 'passthrough.js', 420, 436 ]
743 silly gunzTarPerm extractEntry writable.js
744 silly gunzTarPerm modified mode [ 'writable.js', 420, 436 ]
745 silly gunzTarPerm extractEntry src/addon.h
746 silly gunzTarPerm modified mode [ 'src/addon.h', 420, 436 ]
747 silly gunzTarPerm extractEntry src/connect-async-worker.cc
748 silly gunzTarPerm modified mode [ 'src/connect-async-worker.cc', 420, 436 ]
749 silly gunzTarPerm extractEntry doc/errors.md
750 silly gunzTarPerm extractEntry doc/maybe_types.md
751 silly gunzTarPerm extractEntry lib/_stream_duplex.js
752 silly gunzTarPerm extractEntry lib/_stream_passthrough.js
753 silly gunzTarPerm extractEntry src/connect-async-worker.h
754 silly gunzTarPerm modified mode [ 'src/connect-async-worker.h', 420, 436 ]
755 silly gunzTarPerm extractEntry src/connection.cc
756 silly gunzTarPerm modified mode [ 'src/connection.cc', 420, 436 ]
757 silly gunzTarPerm extractEntry doc/methods.md
758 silly gunzTarPerm extractEntry doc/new.md
759 silly gentlyRm /home/james/Documents/Android/FlattingPlusWebApp/node_modules/.staging/bindings-a6aa5841/node_modules is being purged
760 verbose gentlyRm don't care about contents; nuking /home/james/Documents/Android/FlattingPlusWebApp/node_modules/.staging/bindings-a6aa5841/node_modules
761 silly gunzTarPerm extractEntry lib/_stream_readable.js
762 silly gunzTarPerm extractEntry src/connection.h
763 silly gunzTarPerm modified mode [ 'src/connection.h', 420, 436 ]
764 silly gunzTarPerm extractEntry test/async-connection.js
765 silly gunzTarPerm modified mode [ 'test/async-connection.js', 420, 436 ]
766 silly gunzTarPerm extractEntry doc/buffers.md
767 silly gunzTarPerm extractEntry doc/object_wrappers.md
768 silly gunzTarPerm extractEntry lib/_stream_transform.js
769 silly gunzTarPerm extractEntry lib/_stream_writable.js
770 silly gunzTarPerm extractEntry test/escaping.js
771 silly gunzTarPerm modified mode [ 'test/escaping.js', 420, 436 ]
772 silly gunzTarPerm extractEntry test/helper.js
773 silly gunzTarPerm modified mode [ 'test/helper.js', 420, 436 ]
774 silly gentlyRm /home/james/Documents/Android/FlattingPlusWebApp/node_modules/.staging/string_decoder-e810747f/node_modules is being purged
775 verbose gentlyRm don't care about contents; nuking /home/james/Documents/Android/FlattingPlusWebApp/node_modules/.staging/string_decoder-e810747f/node_modules
776 silly gentlyRm /home/james/Documents/Android/FlattingPlusWebApp/node_modules/.staging/isarray-81ad2c2e/node_modules is being purged
777 verbose gentlyRm don't care about contents; nuking /home/james/Documents/Android/FlattingPlusWebApp/node_modules/.staging/isarray-81ad2c2e/node_modules
778 silly gunzTarPerm extractEntry doc/persistent.md
779 silly gunzTarPerm extractEntry doc/scopes.md
780 silly gunzTarPerm extractEntry test/index.js
781 silly gunzTarPerm modified mode [ 'test/index.js', 420, 436 ]
782 silly gunzTarPerm extractEntry test/error-info.js
783 silly gunzTarPerm modified mode [ 'test/error-info.js', 420, 436 ]
784 silly gentlyRm /home/james/Documents/Android/FlattingPlusWebApp/node_modules/.staging/inherits-9bef3b65/node_modules is being purged
785 verbose gentlyRm don't care about contents; nuking /home/james/Documents/Android/FlattingPlusWebApp/node_modules/.staging/inherits-9bef3b65/node_modules
786 silly gentlyRm /home/james/Documents/Android/FlattingPlusWebApp/node_modules/.staging/core-util-is-cff62690/node_modules is being purged
787 verbose gentlyRm don't care about contents; nuking /home/james/Documents/Android/FlattingPlusWebApp/node_modules/.staging/core-util-is-cff62690/node_modules
788 silly gunzTarPerm extractEntry doc/script.md
789 silly gunzTarPerm extractEntry doc/string_bytes.md
790 silly gunzTarPerm extractEntry test/async-socket.js
791 silly gunzTarPerm modified mode [ 'test/async-socket.js', 420, 436 ]
792 silly gunzTarPerm extractEntry test/sync-prepare.js
793 silly gunzTarPerm modified mode [ 'test/sync-prepare.js', 420, 436 ]
794 silly gunzTarPerm extractEntry doc/v8_internals.md
795 silly gunzTarPerm extractEntry doc/v8_misc.md
796 silly gunzTarPerm extractEntry test/multiple-queries.js
797 silly gunzTarPerm modified mode [ 'test/multiple-queries.js', 420, 436 ]
798 silly gunzTarPerm extractEntry test/non-blocking-controls.js
799 silly gunzTarPerm modified mode [ 'test/non-blocking-controls.js', 420, 436 ]
800 silly gunzTarPerm extractEntry nan.h
801 silly gunzTarPerm extractEntry test/notification.js
802 silly gunzTarPerm modified mode [ 'test/notification.js', 420, 436 ]
803 silly gunzTarPerm extractEntry test/error-conditions.js
804 silly gunzTarPerm modified mode [ 'test/error-conditions.js', 420, 436 ]
805 silly gunzTarPerm extractEntry nan_callbacks.h
806 silly gunzTarPerm extractEntry nan_callbacks_12_inl.h
807 silly gunzTarPerm extractEntry nan_callbacks_pre_12_inl.h
808 silly gunzTarPerm extractEntry nan_converters_43_inl.h
809 silly gunzTarPerm extractEntry test/result-accessors.js
810 silly gunzTarPerm modified mode [ 'test/result-accessors.js', 420, 436 ]
811 silly gunzTarPerm extractEntry test/copy-out.js
812 silly gunzTarPerm modified mode [ 'test/copy-out.js', 420, 436 ]
813 silly gunzTarPerm extractEntry test/server-version.js
814 silly gunzTarPerm modified mode [ 'test/server-version.js', 420, 436 ]
815 silly gunzTarPerm extractEntry test/copy-in.js
816 silly gunzTarPerm modified mode [ 'test/copy-in.js', 420, 436 ]
817 silly gunzTarPerm extractEntry nan_converters_pre_43_inl.h
818 silly gunzTarPerm extractEntry nan_implementation_12_inl.h
819 silly gunzTarPerm extractEntry nan_implementation_pre_12_inl.h
820 silly gunzTarPerm extractEntry nan_maybe_43_inl.h
821 silly gunzTarPerm extractEntry test/socket.js
822 silly gunzTarPerm modified mode [ 'test/socket.js', 420, 436 ]
823 silly gunzTarPerm extractEntry test/construction.js
824 silly gunzTarPerm modified mode [ 'test/construction.js', 420, 436 ]
825 silly gunzTarPerm extractEntry nan_maybe_pre_43_inl.h
826 silly gunzTarPerm extractEntry nan_new.h
827 silly gunzTarPerm extractEntry test/sync-integration.js
828 silly gunzTarPerm modified mode [ 'test/sync-integration.js', 420, 436 ]
829 silly gunzTarPerm extractEntry test/cancel.js
830 silly gunzTarPerm modified mode [ 'test/cancel.js', 420, 436 ]
831 silly gunzTarPerm extractEntry nan_object_wrap.h
832 silly gunzTarPerm extractEntry nan_persistent_12_inl.h
833 silly gentlyRm /home/james/Documents/Android/FlattingPlusWebApp/node_modules/.staging/pg-types-dd26e757/node_modules is being purged
834 verbose gentlyRm don't care about contents; nuking /home/james/Documents/Android/FlattingPlusWebApp/node_modules/.staging/pg-types-dd26e757/node_modules
835 silly gunzTarPerm extractEntry test/sync-parameters.js
836 silly gunzTarPerm modified mode [ 'test/sync-parameters.js', 420, 436 ]
837 silly gunzTarPerm extractEntry test/load.js
838 silly gunzTarPerm modified mode [ 'test/load.js', 420, 436 ]
839 silly gunzTarPerm extractEntry nan_persistent_pre_12_inl.h
840 silly gunzTarPerm extractEntry nan_string_bytes.h
841 silly gentlyRm /home/james/Documents/Android/FlattingPlusWebApp/node_modules/.staging/readable-stream-4be13ec9/node_modules is being purged
842 verbose gentlyRm don't care about contents; nuking /home/james/Documents/Android/FlattingPlusWebApp/node_modules/.staging/readable-stream-4be13ec9/node_modules
843 silly gunzTarPerm extractEntry test/sync.js
844 silly gunzTarPerm modified mode [ 'test/sync.js', 420, 436 ]
845 silly gunzTarPerm extractEntry test/many-connections.js
846 silly gunzTarPerm modified mode [ 'test/many-connections.js', 420, 436 ]
847 silly gunzTarPerm extractEntry nan_typedarray_contents.h
848 silly gunzTarPerm extractEntry nan_weak.h
849 silly gunzTarPerm extractEntry test/mocha.opts
850 silly gunzTarPerm modified mode [ 'test/mocha.opts', 420, 436 ]
851 silly gunzTarPerm extractEntry CHANGELOG.md
852 silly gunzTarPerm extractEntry tools/package.json
853 silly gunzTarPerm extractEntry tools/README.md
854 silly gunzTarPerm extractEntry tools/1to2.js
855 silly gentlyRm /home/james/Documents/Android/FlattingPlusWebApp/node_modules/.staging/pg-native-62a7612d/node_modules is being purged
856 verbose gentlyRm don't care about contents; nuking /home/james/Documents/Android/FlattingPlusWebApp/node_modules/.staging/pg-native-62a7612d/node_modules
857 silly gentlyRm /home/james/Documents/Android/FlattingPlusWebApp/node_modules/.staging/libpq-2002936c/node_modules is being purged
858 verbose gentlyRm don't care about contents; nuking /home/james/Documents/Android/FlattingPlusWebApp/node_modules/.staging/libpq-2002936c/node_modules
859 silly gentlyRm /home/james/Documents/Android/FlattingPlusWebApp/node_modules/.staging/nan-c54021b7/node_modules is being purged
860 verbose gentlyRm don't care about contents; nuking /home/james/Documents/Android/FlattingPlusWebApp/node_modules/.staging/nan-c54021b7/node_modules
861 silly doParallel preinstall 10
862 silly preinstall bindings@1.2.1 /home/james/Documents/Android/FlattingPlusWebApp/node_modules/.staging/bindings-a6aa5841
863 info lifecycle bindings@1.2.1~preinstall: bindings@1.2.1
864 silly preinstall core-util-is@1.0.2 /home/james/Documents/Android/FlattingPlusWebApp/node_modules/.staging/core-util-is-cff62690
865 info lifecycle core-util-is@1.0.2~preinstall: core-util-is@1.0.2
866 silly preinstall inherits@2.0.1 /home/james/Documents/Android/FlattingPlusWebApp/node_modules/.staging/inherits-9bef3b65
867 info lifecycle inherits@2.0.1~preinstall: inherits@2.0.1
868 silly preinstall isarray@0.0.1 /home/james/Documents/Android/FlattingPlusWebApp/node_modules/.staging/isarray-81ad2c2e
869 info lifecycle isarray@0.0.1~preinstall: isarray@0.0.1
870 silly preinstall nan@2.3.5 /home/james/Documents/Android/FlattingPlusWebApp/node_modules/.staging/nan-c54021b7
871 info lifecycle nan@2.3.5~preinstall: nan@2.3.5
872 silly preinstall libpq@1.8.3 /home/james/Documents/Android/FlattingPlusWebApp/node_modules/.staging/libpq-2002936c
873 info lifecycle libpq@1.8.3~preinstall: libpq@1.8.3
874 silly preinstall pg-types@1.6.0 /home/james/Documents/Android/FlattingPlusWebApp/node_modules/.staging/pg-types-dd26e757
875 info lifecycle pg-types@1.6.0~preinstall: pg-types@1.6.0
876 silly preinstall string_decoder@0.10.31 /home/james/Documents/Android/FlattingPlusWebApp/node_modules/.staging/string_decoder-e810747f
877 info lifecycle string_decoder@0.10.31~preinstall: string_decoder@0.10.31
878 silly preinstall readable-stream@1.0.31 /home/james/Documents/Android/FlattingPlusWebApp/node_modules/.staging/readable-stream-4be13ec9
879 info lifecycle readable-stream@1.0.31~preinstall: readable-stream@1.0.31
880 silly preinstall pg-native@1.10.0 /home/james/Documents/Android/FlattingPlusWebApp/node_modules/.staging/pg-native-62a7612d
881 info lifecycle pg-native@1.10.0~preinstall: pg-native@1.10.0
882 silly lifecycle bindings@1.2.1~preinstall: no script for preinstall, continuing
883 silly lifecycle core-util-is@1.0.2~preinstall: no script for preinstall, continuing
884 silly lifecycle inherits@2.0.1~preinstall: no script for preinstall, continuing
885 silly lifecycle isarray@0.0.1~preinstall: no script for preinstall, continuing
886 silly lifecycle nan@2.3.5~preinstall: no script for preinstall, continuing
887 silly lifecycle libpq@1.8.3~preinstall: no script for preinstall, continuing
888 silly lifecycle pg-types@1.6.0~preinstall: no script for preinstall, continuing
889 silly lifecycle string_decoder@0.10.31~preinstall: no script for preinstall, continuing
890 silly lifecycle readable-stream@1.0.31~preinstall: no script for preinstall, continuing
891 silly lifecycle pg-native@1.10.0~preinstall: no script for preinstall, continuing
892 silly doReverseSerial remove 0
893 silly doSerial move 0
894 silly doSerial finalize 10
895 silly finalize /home/james/Documents/Android/FlattingPlusWebApp/node_modules/bindings
896 silly finalize /home/james/Documents/Android/FlattingPlusWebApp/node_modules/core-util-is
897 silly finalize /home/james/Documents/Android/FlattingPlusWebApp/node_modules/inherits
898 silly finalize /home/james/Documents/Android/FlattingPlusWebApp/node_modules/isarray
899 silly finalize /home/james/Documents/Android/FlattingPlusWebApp/node_modules/nan
900 silly finalize /home/james/Documents/Android/FlattingPlusWebApp/node_modules/libpq
901 silly finalize /home/james/Documents/Android/FlattingPlusWebApp/node_modules/pg-types
902 silly finalize /home/james/Documents/Android/FlattingPlusWebApp/node_modules/string_decoder
903 silly finalize /home/james/Documents/Android/FlattingPlusWebApp/node_modules/readable-stream
904 silly finalize /home/james/Documents/Android/FlattingPlusWebApp/node_modules/pg-native
905 silly doSerial build 10
906 silly build bindings@1.2.1
907 info linkStuff bindings@1.2.1
908 silly linkStuff bindings@1.2.1 has /home/james/Documents/Android/FlattingPlusWebApp/node_modules as its parent node_modules
909 verbose linkBins bindings@1.2.1
910 verbose linkMans bindings@1.2.1
911 silly build core-util-is@1.0.2
912 info linkStuff core-util-is@1.0.2
913 silly linkStuff core-util-is@1.0.2 has /home/james/Documents/Android/FlattingPlusWebApp/node_modules as its parent node_modules
914 verbose linkBins core-util-is@1.0.2
915 verbose linkMans core-util-is@1.0.2
916 silly build inherits@2.0.1
917 info linkStuff inherits@2.0.1
918 silly linkStuff inherits@2.0.1 has /home/james/Documents/Android/FlattingPlusWebApp/node_modules as its parent node_modules
919 verbose linkBins inherits@2.0.1
920 verbose linkMans inherits@2.0.1
921 silly build isarray@0.0.1
922 info linkStuff isarray@0.0.1
923 silly linkStuff isarray@0.0.1 has /home/james/Documents/Android/FlattingPlusWebApp/node_modules as its parent node_modules
924 verbose linkBins isarray@0.0.1
925 verbose linkMans isarray@0.0.1
926 silly build nan@2.3.5
927 info linkStuff nan@2.3.5
928 silly linkStuff nan@2.3.5 has /home/james/Documents/Android/FlattingPlusWebApp/node_modules as its parent node_modules
929 verbose linkBins nan@2.3.5
930 verbose linkMans nan@2.3.5
931 silly build libpq@1.8.3
932 info linkStuff libpq@1.8.3
933 silly linkStuff libpq@1.8.3 has /home/james/Documents/Android/FlattingPlusWebApp/node_modules as its parent node_modules
934 verbose linkBins libpq@1.8.3
935 verbose linkMans libpq@1.8.3
936 silly build pg-types@1.6.0
937 info linkStuff pg-types@1.6.0
938 silly linkStuff pg-types@1.6.0 has /home/james/Documents/Android/FlattingPlusWebApp/node_modules as its parent node_modules
939 verbose linkBins pg-types@1.6.0
940 verbose linkMans pg-types@1.6.0
941 silly build string_decoder@0.10.31
942 info linkStuff string_decoder@0.10.31
943 silly linkStuff string_decoder@0.10.31 has /home/james/Documents/Android/FlattingPlusWebApp/node_modules as its parent node_modules
944 verbose linkBins string_decoder@0.10.31
945 verbose linkMans string_decoder@0.10.31
946 silly build readable-stream@1.0.31
947 info linkStuff readable-stream@1.0.31
948 silly linkStuff readable-stream@1.0.31 has /home/james/Documents/Android/FlattingPlusWebApp/node_modules as its parent node_modules
949 verbose linkBins readable-stream@1.0.31
950 verbose linkMans readable-stream@1.0.31
951 silly build pg-native@1.10.0
952 info linkStuff pg-native@1.10.0
953 silly linkStuff pg-native@1.10.0 has /home/james/Documents/Android/FlattingPlusWebApp/node_modules as its parent node_modules
954 verbose linkBins pg-native@1.10.0
955 verbose linkMans pg-native@1.10.0
956 silly doSerial global-link 0
957 silly doParallel update-linked 0
958 silly doSerial install 10
959 silly install bindings@1.2.1 /home/james/Documents/Android/FlattingPlusWebApp/node_modules/.staging/bindings-a6aa5841
960 info lifecycle bindings@1.2.1~install: bindings@1.2.1
961 silly lifecycle bindings@1.2.1~install: no script for install, continuing
962 silly install core-util-is@1.0.2 /home/james/Documents/Android/FlattingPlusWebApp/node_modules/.staging/core-util-is-cff62690
963 info lifecycle core-util-is@1.0.2~install: core-util-is@1.0.2
964 silly lifecycle core-util-is@1.0.2~install: no script for install, continuing
965 silly install inherits@2.0.1 /home/james/Documents/Android/FlattingPlusWebApp/node_modules/.staging/inherits-9bef3b65
966 info lifecycle inherits@2.0.1~install: inherits@2.0.1
967 silly lifecycle inherits@2.0.1~install: no script for install, continuing
968 silly install isarray@0.0.1 /home/james/Documents/Android/FlattingPlusWebApp/node_modules/.staging/isarray-81ad2c2e
969 info lifecycle isarray@0.0.1~install: isarray@0.0.1
970 silly lifecycle isarray@0.0.1~install: no script for install, continuing
971 silly install nan@2.3.5 /home/james/Documents/Android/FlattingPlusWebApp/node_modules/.staging/nan-c54021b7
972 info lifecycle nan@2.3.5~install: nan@2.3.5
973 silly lifecycle nan@2.3.5~install: no script for install, continuing
974 silly install libpq@1.8.3 /home/james/Documents/Android/FlattingPlusWebApp/node_modules/.staging/libpq-2002936c
975 info lifecycle libpq@1.8.3~install: libpq@1.8.3
976 verbose lifecycle libpq@1.8.3~install: unsafe-perm in lifecycle true
977 verbose lifecycle libpq@1.8.3~install: PATH: /usr/share/npm/bin/node-gyp-bin:/home/james/Documents/Android/FlattingPlusWebApp/node_modules/libpq/node_modules/.bin:/home/james/Documents/Android/FlattingPlusWebApp/node_modules/.bin:/usr/local/heroku/bin:/usr/local/sbin:/usr/local/bin:/usr/sbin:/usr/bin:/sbin:/bin:/usr/games:/usr/local/games:/snap/bin
978 verbose lifecycle libpq@1.8.3~install: CWD: /home/james/Documents/Android/FlattingPlusWebApp/node_modules/libpq
979 silly lifecycle libpq@1.8.3~install: Args: [ '-c', 'node-gyp rebuild' ]
980 silly lifecycle libpq@1.8.3~install: Returned: code: 1  signal: null
981 info lifecycle libpq@1.8.3~install: Failed to exec install script
982 verbose unlock done using /home/james/.npm/_locks/staging-f22db348b232a511.lock for /home/james/Documents/Android/FlattingPlusWebApp/node_modules/.staging
983 silly rollbackFailedOptional Starting
984 silly rollbackFailedOptional Finishing
985 silly runTopLevelLifecycles Starting
986 silly runTopLevelLifecycles Finishing
987 silly install printInstalled
988 warn enoent ENOENT: no such file or directory, open '/home/james/Documents/Android/FlattingPlusWebApp/package.json'
989 warn FlattingPlusWebApp No description
990 warn FlattingPlusWebApp No repository field.
991 warn FlattingPlusWebApp No README data
992 warn FlattingPlusWebApp No license field.
993 verbose stack Error: libpq@1.8.3 install: `node-gyp rebuild`
993 verbose stack Exit status 1
993 verbose stack     at EventEmitter.<anonymous> (/usr/share/npm/lib/utils/lifecycle.js:232:16)
993 verbose stack     at emitTwo (events.js:87:13)
993 verbose stack     at EventEmitter.emit (events.js:172:7)
993 verbose stack     at ChildProcess.<anonymous> (/usr/share/npm/lib/utils/spawn.js:24:14)
993 verbose stack     at emitTwo (events.js:87:13)
993 verbose stack     at ChildProcess.emit (events.js:172:7)
993 verbose stack     at maybeClose (internal/child_process.js:821:16)
993 verbose stack     at Process.ChildProcess._handle.onexit (internal/child_process.js:211:5)
994 verbose pkgid libpq@1.8.3
995 verbose cwd /home/james/Documents/Android/FlattingPlusWebApp
996 error Linux 4.4.0-24-generic
997 error argv "/usr/bin/nodejs" "/usr/bin/npm" "install" "pg-native"
998 error node v4.2.6
999 error npm  v3.5.2
1000 error code ELIFECYCLE
1001 error libpq@1.8.3 install: `node-gyp rebuild`
1001 error Exit status 1
1002 error Failed at the libpq@1.8.3 install script 'node-gyp rebuild'.
1002 error Make sure you have the latest version of node.js and npm installed.
1002 error If you do, this is most likely a problem with the libpq package,
1002 error not with npm itself.
1002 error Tell the author that this fails on your system:
1002 error     node-gyp rebuild
1002 error You can get information on how to open an issue for this project with:
1002 error     npm bugs libpq
1002 error Or if that isn't available, you can get their info via:
1002 error     npm owner ls libpq
1002 error There is likely additional logging output above.
1003 verbose exit [ 1, true ]
